<?xml version="1.0" encoding="UTF-8"?>
<!-- Generated by org.testng.reporters.JUnitReportReporter -->
<testsuite hostname="LAPTOP-J7RS4Q2G" failures="0" tests="1" name="PopUps.Base_Class_PopUps" time="7.807" errors="0" timestamp="2024-05-22T12:20:53 IST" skipped="0">
  <testcase classname="PopUps.Base_Class_PopUps" name="afterMethod" time="7.807"/>
</testsuite> <!-- PopUps.Base_Class_PopUps -->
