<?xml version="1.0" encoding="UTF-8"?>
<!-- Generated by org.testng.reporters.JUnitReportReporter -->
<testsuite hostname="LAPTOP-J7RS4Q2G" failures="0" tests="6" name="Synchronization.Progress_Bar" time="98.938" errors="0" timestamp="2024-05-27T10:04:13 IST" skipped="0">
  <testcase classname="Synchronization.Progress_Bar" name="defaultProgressBar" time="14.239"/>
  <testcase classname="Synchronization.Progress_Bar" name="withTimer" time="11.427"/>
  <testcase classname="Synchronization.Progress_Bar" name="withElement" time="19.573"/>
  <testcase classname="Synchronization.Progress_Bar" name="withElementDisappear" time="26.572"/>
  <testcase classname="Synchronization.Progress_Bar" name="disabledElement" time="14.547"/>
  <testcase classname="Synchronization.Progress_Bar" name="hiddenElement" time="12.580"/>
</testsuite> <!-- Synchronization.Progress_Bar -->
