<?xml version="1.0" encoding="UTF-8"?>
<!-- Generated by org.testng.reporters.JUnitReportReporter -->
<testsuite hostname="LAPTOP-J7RS4Q2G" failures="0" tests="3" name="PopUps.Browser_Windows" time="17.642" errors="0" timestamp="2024-05-23T10:27:51 IST" skipped="0">
  <testcase classname="PopUps.Browser_Windows" name="handleNewWindowPopUps" time="6.782"/>
  <testcase classname="PopUps.Browser_Windows" name="transferControlToAnotherWindow" time="4.439"/>
  <testcase classname="PopUps.Browser_Windows" name="handleNewTab" time="6.421"/>
</testsuite> <!-- PopUps.Browser_Windows -->
