<?xml version="1.0" encoding="UTF-8"?>
<!-- Generated by org.testng.reporters.JUnitReportReporter -->
<testsuite hostname="LAPTOP-J7RS4Q2G" failures="0" tests="7" name="PopUps.JavaScript" time="60.396" errors="0" timestamp="2024-06-01T14:34:16 IST" skipped="0">
  <testcase classname="PopUps.JavaScript" name="handleAlertPopups" time="6.270"/>
  <testcase classname="PopUps.JavaScript" name="getText" time="6.228"/>
  <testcase classname="PopUps.JavaScript" name="handleConfirmAlert" time="8.357"/>
  <testcase classname="PopUps.JavaScript" name="getTextFromConformAlert" time="10.372"/>
  <testcase classname="PopUps.JavaScript" name="handlePromptAlert" time="8.366"/>
  <testcase classname="PopUps.JavaScript" name="sendDataToPromptAlert" time="10.380"/>
  <testcase classname="PopUps.JavaScript" name="getTextFromPromptAlert" time="10.423"/>
</testsuite> <!-- PopUps.JavaScript -->
