<?xml version="1.0" encoding="UTF-8"?>
<!-- Generated by org.testng.reporters.JUnitReportReporter -->
<testsuite hostname="LAPTOP-J7RS4Q2G" failures="0" tests="2" name="PopUps.Modal" time="17.463" errors="0" timestamp="2024-05-24T11:05:59 IST" skipped="0">
  <testcase classname="PopUps.Modal" name="defaultModal" time="6.882"/>
  <testcase classname="PopUps.Modal" name="multipleModal" time="10.581"/>
</testsuite> <!-- PopUps.Modal -->
