<?xml version="1.0" encoding="UTF-8"?>
<!-- Generated by org.testng.reporters.JUnitReportReporter -->
<testsuite hostname="LAPTOP-J7RS4Q2G" failures="0" tests="1" name="PopUps.Download" time="6.506" errors="0" timestamp="2024-05-23T22:20:08 IST" skipped="0">
  <testcase classname="PopUps.Download" name="defaultDownload" time="6.506"/>
</testsuite> <!-- PopUps.Download -->
