<?xml version="1.0" encoding="UTF-8"?>
<!-- Generated by org.testng.reporters.JUnitReportReporter -->
<testsuite hostname="LAPTOP-J7RS4Q2G" failures="0" tests="1" name="Mouse_Actions.Click_And_Hold" time="6.328" errors="0" timestamp="2024-05-26T22:18:13 IST" skipped="0">
  <testcase classname="Mouse_Actions.Click_And_Hold" name="defaultClickHold" time="6.328"/>
</testsuite> <!-- Mouse_Actions.Click_And_Hold -->
