<?xml version="1.0" encoding="UTF-8"?>
<!-- Generated by org.testng.reporters.JUnitReportReporter -->
<testsuite hostname="LAPTOP-J7RS4Q2G" failures="0" tests="1" name="Keyboard_Actions.Keyboard" time="2.145" errors="0" timestamp="2024-05-26T22:26:01 IST" skipped="0">
  <testcase classname="Keyboard_Actions.Keyboard" name="defaultKeyboardActions" time="2.145"/>
</testsuite> <!-- Keyboard_Actions.Keyboard -->
