<?xml version="1.0" encoding="UTF-8"?>
<!-- Generated by org.testng.reporters.JUnitReportReporter -->
<testsuite hostname="LAPTOP-J7RS4Q2G" failures="0" tests="4" name="Frames.iframes" time="36.808" errors="0" timestamp="2024-05-25T11:51:25 IST" skipped="0">
  <testcase classname="Frames.iframes" name="defaultIframes" time="6.743"/>
  <testcase classname="Frames.iframes" name="nestedIframe" time="7.139"/>
  <testcase classname="Frames.iframes" name="multipleIframe" time="11.627"/>
  <testcase classname="Frames.iframes" name="nestedWithMultipleIframe" time="11.299"/>
</testsuite> <!-- Frames.iframes -->
