<?xml version="1.0" encoding="UTF-8"?>
<!-- Generated by org.testng.reporters.JUnitReportReporter -->
<testsuite hostname="LAPTOP-J7RS4Q2G" failures="0" tests="1" name="baseClass.BaseClassQspidesDemoSite" time="3.546" errors="0" timestamp="2024-05-22T11:25:05 IST" skipped="0">
  <testcase classname="baseClass.BaseClassQspidesDemoSite" name="test" time="3.546"/>
</testsuite> <!-- baseClass.BaseClassQspidesDemoSite -->
