<?xml version="1.0" encoding="UTF-8"?>
<!-- Generated by org.testng.reporters.JUnitReportReporter -->
<testsuite hostname="LAPTOP-J7RS4Q2G" failures="0" tests="1" name="PopUps.Authentication" time="4.633" errors="0" timestamp="2024-05-23T10:54:33 IST" skipped="0">
  <testcase classname="PopUps.Authentication" name="defaultLoginAction" time="4.633"/>
</testsuite> <!-- PopUps.Authentication -->
