<?xml version="1.0" encoding="UTF-8"?>
<!-- Generated by org.testng.reporters.JUnitReportReporter -->
<testsuite hostname="LAPTOP-J7RS4Q2G" failures="0" tests="4" name="Mouse_Actions.Mouse_Hover" time="44.167" errors="0" timestamp="2024-05-26T22:09:08 IST" skipped="0">
  <testcase classname="Mouse_Actions.Mouse_Hover" name="icon" time="5.325"/>
  <testcase classname="Mouse_Actions.Mouse_Hover" name="image" time="5.385"/>
  <testcase classname="Mouse_Actions.Mouse_Hover" name="ratings" time="10.059"/>
  <testcase classname="Mouse_Actions.Mouse_Hover" name="tab" time="23.398"/>
</testsuite> <!-- Mouse_Actions.Mouse_Hover -->
