<?xml version="1.0" encoding="UTF-8"?>
<!-- Generated by org.testng.reporters.JUnitReportReporter -->
<testsuite hostname="LAPTOP-J7RS4Q2G" failures="0" tests="2" name="Date_Time_Picker.Date_Picker" time="14.951" errors="0" timestamp="2024-05-24T20:08:36 IST" skipped="0">
  <testcase classname="Date_Time_Picker.Date_Picker" name="simpleDatePicker" time="6.458"/>
  <testcase classname="Date_Time_Picker.Date_Picker" name="dropDownDatePicker" time="8.493"/>
</testsuite> <!-- Date_Time_Picker.Date_Picker -->
