<?xml version="1.0" encoding="UTF-8"?>
<!-- Generated by org.testng.reporters.JUnitReportReporter -->
<testsuite hostname="LAPTOP-J7RS4Q2G" failures="0" tests="1" name="Synchronization.Page_Loading" time="11.454" errors="0" timestamp="2024-05-25T10:24:26 IST" skipped="0">
  <testcase classname="Synchronization.Page_Loading" name="defaultPageLoading" time="11.454"/>
</testsuite> <!-- Synchronization.Page_Loading -->
