<?xml version="1.0" encoding="UTF-8"?>
<!-- Generated by org.testng.reporters.JUnitReportReporter -->
<testsuite hostname="LAPTOP-J7RS4Q2G" failures="0" tests="1" name="Web_Elements.Base_Class_WebElement" time="0.019" errors="0" timestamp="2024-05-23T22:10:21 IST" skipped="0">
  <testcase classname="Web_Elements.Base_Class_WebElement" name="beforeMethod" time="0.019"/>
</testsuite> <!-- Web_Elements.Base_Class_WebElement -->
