<?xml version="1.0" encoding="UTF-8"?>
<!-- Generated by org.testng.reporters.JUnitReportReporter -->
<testsuite hostname="LAPTOP-J7RS4Q2G" failures="0" tests="1" name="Web_Elements.Text_Box" time="2.874" errors="0" timestamp="2024-05-24T10:55:41 IST" skipped="0">
  <testcase classname="Web_Elements.Text_Box" name="plaeholder" time="2.874"/>
</testsuite> <!-- Web_Elements.Text_Box -->
