<?xml version="1.0" encoding="UTF-8"?>
<!-- Generated by org.testng.reporters.JUnitReportReporter -->
<testsuite hostname="LAPTOP-J7RS4Q2G" failures="0" tests="2" name="Date_Time_Picker.Time_Picker" time="13.283" errors="0" timestamp="2024-05-24T20:43:20 IST" skipped="0">
  <testcase classname="Date_Time_Picker.Time_Picker" name="defaultTimePicker" time="6.773"/>
  <testcase classname="Date_Time_Picker.Time_Picker" name="timePickerClock" time="6.510"/>
</testsuite> <!-- Date_Time_Picker.Time_Picker -->
